<?xml version="1.0" encoding="UTF-8"?>
<testng-results ignored="0" total="1" passed="1" failed="0" skipped="0">
  <reporter-output>
  </reporter-output>
  <suite started-at="2023-10-26T20:32:50 PST" name="Default suite" finished-at="2023-10-26T20:33:15 PST" duration-ms="24904">
    <groups>
    </groups>
    <test started-at="2023-10-26T20:32:50 PST" name="Default test" finished-at="2023-10-26T20:33:15 PST" duration-ms="24904">
      <class name="single.browser.LoginCredentials">
        <test-method is-config="true" signature="beforeTest()[pri:0, instance:single.browser.LoginCredentials@36fc695d]" started-at="2023-10-26T20:32:50 PST" name="beforeTest" finished-at="2023-10-26T20:32:52 PST" duration-ms="2625" status="PASS">
          <reporter-output>
          </reporter-output>
        </test-method> <!-- beforeTest -->
        <test-method signature="navigateToLoginPage()[pri:0, instance:single.browser.LoginCredentials@36fc695d]" started-at="2023-10-26T20:32:52 PST" name="navigateToLoginPage" finished-at="2023-10-26T20:33:14 PST" duration-ms="21739" status="PASS">
          <reporter-output>
          </reporter-output>
        </test-method> <!-- navigateToLoginPage -->
        <test-method is-config="true" signature="afterTest()[pri:0, instance:single.browser.LoginCredentials@36fc695d]" started-at="2023-10-26T20:33:14 PST" name="afterTest" finished-at="2023-10-26T20:33:15 PST" duration-ms="511" status="PASS">
          <reporter-output>
          </reporter-output>
        </test-method> <!-- afterTest -->
      </class> <!-- single.browser.LoginCredentials -->
    </test> <!-- Default test -->
  </suite> <!-- Default suite -->
</testng-results>
